<?xml version="1.0" encoding="UTF-8"?>
<testsuite name="GenerateAllergiesTest" tests="1" skipped="0" failures="0" errors="0" timestamp="2016-02-11T18:47:28" hostname="epicodus-55.local" time="0.002">
  <properties/>
  <testcase name="generateAllergies_128_cats" classname="GenerateAllergiesTest" time="0.002"/>
  <system-out><![CDATA[]]></system-out>
  <system-err><![CDATA[]]></system-err>
</testsuite>
