<?xml version="1.0" encoding="UTF-8"?>
<testsuite name="GenerateAllergiesTest" tests="4" skipped="0" failures="0" errors="0" timestamp="2016-02-11T19:13:36" hostname="epicodus-55.local" time="0.003">
  <properties/>
  <testcase name="generateAllergies_192_pollen" classname="GenerateAllergiesTest" time="0.003"/>
  <testcase name="generateAllergies_128_cats" classname="GenerateAllergiesTest" time="0.0"/>
  <testcase name="generateAllergies_160_CatsAndEggs" classname="GenerateAllergiesTest" time="0.0"/>
  <testcase name="generateAllergies_160_CatsAndChocolate" classname="GenerateAllergiesTest" time="0.0"/>
  <system-out><![CDATA[]]></system-out>
  <system-err><![CDATA[]]></system-err>
</testsuite>
